<?xml version="1.0" encoding="UTF-8"?>
<testng-results skipped="0" failed="0" ignored="0" total="1" passed="1">
  <reporter-output>
  </reporter-output>
  <suite name="Gherkin sens test" duration-ms="31" started-at="2019-07-09T19:58:18 CEST" finished-at="2019-07-09T19:58:18 CEST">
    <groups>
    </groups>
    <test name="test name" duration-ms="31" started-at="2019-07-09T19:58:18 CEST" finished-at="2019-07-09T19:58:18 CEST">
      <class name="example.Unit">
        <test-method status="PASS" signature="test1()[pri:0, instance:example.Unit@19e13df]" name="test1" duration-ms="4" started-at="2019-07-09T19:58:18 CEST" finished-at="2019-07-09T19:58:18 CEST">
          <reporter-output>
          </reporter-output>
        </test-method> <!-- test1 -->
      </class> <!-- example.Unit -->
    </test> <!-- test name -->
  </suite> <!-- Gherkin sens test -->
</testng-results>
